[2020-07-13 13:49:46,363] INFO org.github.dragos.vscode.Main$ - Starting server in e:\SRC\KVM
[2020-07-13 13:49:46,363] INFO org.github.dragos.vscode.Main$ - Starting server in e:\SRC\KVM
[2020-07-13 13:49:46,372] INFO org.github.dragos.vscode.Main$ - Classpath: c:\Users\Administrator\.vscode\extensions\dragos.scala-lsp-0.2.3\coursier
[2020-07-13 13:49:46,372] INFO org.github.dragos.vscode.Main$ - Classpath: c:\Users\Administrator\.vscode\extensions\dragos.scala-lsp-0.2.3\coursier
[2020-07-13 13:49:46,495] DEBUG langserver.core.MessageReader - Received headers:
Content-Length: 1153
[2020-07-13 13:49:46,495] DEBUG langserver.core.MessageReader - Received headers:
Content-Length: 1153
[2020-07-13 13:49:46,512] DEBUG langserver.core.Connection - Received {"jsonrpc":"2.0","id":0,"method":"initialize","params":{"processId":9992,"rootPath":"e:\\SRC\\KVM","rootUri":"file:///e%3A/SRC/KVM","capabilities":{"workspace":{"applyEdit":true,"didChangeConfiguration":{"dynamicRegistration":false},"didChangeWatchedFiles":{"dynamicRegistration":false},"symbol":{"dynamicRegistration":true},"executeCommand":{"dynamicRegistration":true}},"textDocument":{"synchronization":{"dynamicRegistration":true,"willSave":true,"willSaveWaitUntil":true,"didSave":true},"completion":{"dynamicRegistration":true,"completionItem":{"snippetSupport":true}},"hover":{"dynamicRegistration":true},"signatureHelp":{"dynamicRegistration":true},"references":{"dynamicRegistration":true},"documentHighlight":{"dynamicRegistration":true},"documentSymbol":{"dynamicRegistration":true},"formatting":{"dynamicRegistration":true},"rangeFormatting":{"dynamicRegistration":true},"onTypeFormatting":{"dynamicRegistration":true},"definition":{"dynamicRegistration":true},"codeAction":{"dynamicRegistration":true},"codeLens":{"dynamicRegistration":true},"documentLink":{"dynamicRegistration":true},"rename":{"dynamicRegistration":true}}},"trace":"off"}}
[2020-07-13 13:49:46,512] DEBUG langserver.core.Connection - Received {"jsonrpc":"2.0","id":0,"method":"initialize","params":{"processId":9992,"rootPath":"e:\\SRC\\KVM","rootUri":"file:///e%3A/SRC/KVM","capabilities":{"workspace":{"applyEdit":true,"didChangeConfiguration":{"dynamicRegistration":false},"didChangeWatchedFiles":{"dynamicRegistration":false},"symbol":{"dynamicRegistration":true},"executeCommand":{"dynamicRegistration":true}},"textDocument":{"synchronization":{"dynamicRegistration":true,"willSave":true,"willSaveWaitUntil":true,"didSave":true},"completion":{"dynamicRegistration":true,"completionItem":{"snippetSupport":true}},"hover":{"dynamicRegistration":true},"signatureHelp":{"dynamicRegistration":true},"references":{"dynamicRegistration":true},"documentHighlight":{"dynamicRegistration":true},"documentSymbol":{"dynamicRegistration":true},"formatting":{"dynamicRegistration":true},"rangeFormatting":{"dynamicRegistration":true},"onTypeFormatting":{"dynamicRegistration":true},"definition":{"dynamicRegistration":true},"codeAction":{"dynamicRegistration":true},"codeLens":{"dynamicRegistration":true},"documentLink":{"dynamicRegistration":true},"rename":{"dynamicRegistration":true}}},"trace":"off"}}
[2020-07-13 13:49:47,118] INFO org.github.dragos.vscode.EnsimeLanguageServer - Initialized with 9992, e:\SRC\KVM, ClientCapabilities()
[2020-07-13 13:49:47,118] INFO org.github.dragos.vscode.EnsimeLanguageServer - Initialized with 9992, e:\SRC\KVM, ClientCapabilities()
[2020-07-13 13:49:47,121] DEBUG org.github.dragos.vscode.EnsimeLanguageServer - ensime.config = "E:/SRC/KVM/.ensime" 
[2020-07-13 13:49:47,121] DEBUG org.github.dragos.vscode.EnsimeLanguageServer - ensime.config = "E:/SRC/KVM/.ensime" 
[2020-07-13 13:49:47,818] INFO akka.event.slf4j.Slf4jLogger - Slf4jLogger started
[2020-07-13 13:49:48,028] ERROR org.github.dragos.vscode.EnsimeLanguageServer - initializeEnsime Error: E:\SRC\KVM\.ensime
[2020-07-13 13:49:48,028] ERROR org.github.dragos.vscode.EnsimeLanguageServer - initializeEnsime Error: E:\SRC\KVM\.ensime
[2020-07-13 13:49:48,116] DEBUG langserver.core.MessageWriter - Content-Length: 146



{"jsonrpc":"2.0","method":"window/showMessage","params":{"tpe":1,"message":"No .ensime file in directory. Run `sbt ensimeConfig` to create one."}}
[2020-07-13 13:49:48,116] DEBUG langserver.core.MessageWriter - Content-Length: 146



{"jsonrpc":"2.0","method":"window/showMessage","params":{"tpe":1,"message":"No .ensime file in directory. Run `sbt ensimeConfig` to create one."}}
[2020-07-13 13:49:48,116] DEBUG langserver.core.MessageWriter - payload: {"jsonrpc":"2.0","method":"window/showMessage","params":{"tpe":1,"message":"No .ensime file in directory. Run `sbt ensimeConfig` to create one."}}
[2020-07-13 13:49:48,116] DEBUG langserver.core.MessageWriter - payload: {"jsonrpc":"2.0","method":"window/showMessage","params":{"tpe":1,"message":"No .ensime file in directory. Run `sbt ensimeConfig` to create one."}}
[2020-07-13 13:49:48,215] DEBUG langserver.core.MessageWriter - Content-Length: 441



{"jsonrpc":"2.0","result":{"capabilities":{"textDocumentSync":1,"hoverProvider":true,"completionProvider":{"resolveProvider":false,"triggerCharacters":["."]},"definitionProvider":true,"referencesProvider":false,"documentHighlightProvider":false,"documentSymbolProvider":true,"workspaceSymbolProvider":false,"codeActionProvider":false,"documentFormattingProvider":false,"documentRangeFormattingProvider":false,"renameProvider":false}},"id":0}
[2020-07-13 13:49:48,215] DEBUG langserver.core.MessageWriter - Content-Length: 441



{"jsonrpc":"2.0","result":{"capabilities":{"textDocumentSync":1,"hoverProvider":true,"completionProvider":{"resolveProvider":false,"triggerCharacters":["."]},"definitionProvider":true,"referencesProvider":false,"documentHighlightProvider":false,"documentSymbolProvider":true,"workspaceSymbolProvider":false,"codeActionProvider":false,"documentFormattingProvider":false,"documentRangeFormattingProvider":false,"renameProvider":false}},"id":0}
[2020-07-13 13:49:48,215] DEBUG langserver.core.MessageWriter - payload: {"jsonrpc":"2.0","result":{"capabilities":{"textDocumentSync":1,"hoverProvider":true,"completionProvider":{"resolveProvider":false,"triggerCharacters":["."]},"definitionProvider":true,"referencesProvider":false,"documentHighlightProvider":false,"documentSymbolProvider":true,"workspaceSymbolProvider":false,"codeActionProvider":false,"documentFormattingProvider":false,"documentRangeFormattingProvider":false,"renameProvider":false}},"id":0}
[2020-07-13 13:49:48,215] DEBUG langserver.core.MessageWriter - payload: {"jsonrpc":"2.0","result":{"capabilities":{"textDocumentSync":1,"hoverProvider":true,"completionProvider":{"resolveProvider":false,"triggerCharacters":["."]},"definitionProvider":true,"referencesProvider":false,"documentHighlightProvider":false,"documentSymbolProvider":true,"workspaceSymbolProvider":false,"codeActionProvider":false,"documentFormattingProvider":false,"documentRangeFormattingProvider":false,"renameProvider":false}},"id":0}
[2020-07-13 13:49:48,217] DEBUG langserver.core.MessageReader - Received headers:
Content-Length: 52
[2020-07-13 13:49:48,217] DEBUG langserver.core.MessageReader - Received headers:
Content-Length: 52
[2020-07-13 13:49:48,221] DEBUG langserver.core.Connection - Received {"jsonrpc":"2.0","method":"initialized","params":{}}
[2020-07-13 13:49:48,221] DEBUG langserver.core.Connection - Received {"jsonrpc":"2.0","method":"initialized","params":{}}
[2020-07-13 13:49:48,238] ERROR org.github.dragos.vscode.EnsimeLanguageServer - Unknown notification Initialized()
[2020-07-13 13:49:48,238] ERROR org.github.dragos.vscode.EnsimeLanguageServer - Unknown notification Initialized()
[2020-07-13 13:52:40,459] DEBUG langserver.core.MessageReader - Received headers:
Content-Length: 58
[2020-07-13 13:52:40,459] DEBUG langserver.core.MessageReader - Received headers:
Content-Length: 58
[2020-07-13 13:52:40,463] DEBUG langserver.core.Connection - Received {"jsonrpc":"2.0","id":1,"method":"shutdown","params":null}
[2020-07-13 13:52:40,463] DEBUG langserver.core.Connection - Received {"jsonrpc":"2.0","id":1,"method":"shutdown","params":null}
[2020-07-13 13:52:40,486] DEBUG langserver.core.MessageWriter - Content-Length: 198



{"jsonrpc":"2.0","error":{"code":-32602,"message":"Invalid params","data":{"meaning":"Invalid method parameter(s).","error":{"obj":[{"msg":["command parameters must be given"],"args":[]}]}}},"id":1}
[2020-07-13 13:52:40,486] DEBUG langserver.core.MessageWriter - Content-Length: 198



{"jsonrpc":"2.0","error":{"code":-32602,"message":"Invalid params","data":{"meaning":"Invalid method parameter(s).","error":{"obj":[{"msg":["command parameters must be given"],"args":[]}]}}},"id":1}
[2020-07-13 13:52:40,503] DEBUG langserver.core.MessageWriter - payload: {"jsonrpc":"2.0","error":{"code":-32602,"message":"Invalid params","data":{"meaning":"Invalid method parameter(s).","error":{"obj":[{"msg":["command parameters must be given"],"args":[]}]}}},"id":1}
[2020-07-13 13:52:40,503] DEBUG langserver.core.MessageWriter - payload: {"jsonrpc":"2.0","error":{"code":-32602,"message":"Invalid params","data":{"meaning":"Invalid method parameter(s).","error":{"obj":[{"msg":["command parameters must be given"],"args":[]}]}}},"id":1}
